[2026-07-06 10:09:54] === Script Started ===
[2026-07-06 10:09:54] Initial shop from GET/SESSION - xtremestore-9600.myshopify.com
[2026-07-06 10:09:54] Bearer token from header - none
[2026-07-06 10:09:54] Database connection successful
[2026-07-06 10:09:54] Checking if table exists - shop
[2026-07-06 10:09:54] Table already exists - shop
[2026-07-06 10:09:54] Status column exists? - 1
[2026-07-06 10:09:54] Checking if shop exists in database - xtremestore-9600.myshopify.com
[2026-07-06 10:09:54] Shop data from database - Array
(
    [id] => 1
    [shop] => xtremestore-9600.myshopify.com
    [session_access_token] => shpua_82048cd2cb4f8d494b90c6aa8dd2d8d2
    [session_access_token_expires_at] => 2026-07-06 11:07:05
    [session_refresh_token] => shprt_8fe9844beeee88dbd4bd21938e078230
    [session_refresh_token_expires_at] => 2026-10-04 10:07:05
    [session_token_updated_at] => 2026-07-06 10:07:06
    [installed_at] => 2026-07-06 10:07:05
    [install_date] => 2026-07-06 10:07:05
    [updated_at] => 2026-07-06 10:07:06
    [status] => active
)

[2026-07-06 10:09:54] Shop record verified - Array
(
    [id] => 1
    [shop] => xtremestore-9600.myshopify.com
    [session_access_token] => shpua_82048cd2cb4f8d494b90c6aa8dd2d8d2
    [session_access_token_expires_at] => 2026-07-06 11:07:05
    [session_refresh_token] => shprt_8fe9844beeee88dbd4bd21938e078230
    [session_refresh_token_expires_at] => 2026-10-04 10:07:05
    [session_token_updated_at] => 2026-07-06 10:07:06
    [installed_at] => 2026-07-06 10:07:05
    [install_date] => 2026-07-06 10:07:05
    [updated_at] => 2026-07-06 10:07:06
    [status] => active
)

[2026-07-06 10:09:54] === Script Ended Normally ===
[2026-07-06 10:09:54] === Script Started ===
[2026-07-06 10:09:54] Initial shop from GET/SESSION - xtremestore-9600.myshopify.com
[2026-07-06 10:09:54] Bearer token from header - eyJhbGciOiJIUzI1NiIs...
[2026-07-06 10:09:54] Token validation result - Array
(
    [success] => 1
    [shop] => xtremestore-9600.myshopify.com
    [payload] => Array
        (
            [iss] => https://xtremestore-9600.myshopify.com/admin
            [dest] => https://xtremestore-9600.myshopify.com
            [aud] => 17ecb57d6751df9f4d203e420c1c1581
            [sub] => 87991910505
            [exp] => 1783332651
            [nbf] => 1783332591
            [iat] => 1783332591
            [jti] => 94ed23b8-5a99-4e4b-97f6-8c08aa103cac
            [sid] => 6f7a7cf9-43bc-4f0b-b826-87b52a20cbc6
            [sig] => ee9d7b74635e84fbe5a2b9baba81af6d05abf224c1872ce52dc71d501e1ea80b
        )

)

[2026-07-06 10:09:54] Shop from validated token - xtremestore-9600.myshopify.com
[2026-07-06 10:09:54] Database connection successful
[2026-07-06 10:09:54] Checking if table exists - shop
[2026-07-06 10:09:54] Table already exists - shop
[2026-07-06 10:09:54] Status column exists? - 1
[2026-07-06 10:09:54] Checking if shop exists in database - xtremestore-9600.myshopify.com
[2026-07-06 10:09:54] Shop data from database - Array
(
    [id] => 1
    [shop] => xtremestore-9600.myshopify.com
    [session_access_token] => shpua_82048cd2cb4f8d494b90c6aa8dd2d8d2
    [session_access_token_expires_at] => 2026-07-06 11:07:05
    [session_refresh_token] => shprt_8fe9844beeee88dbd4bd21938e078230
    [session_refresh_token_expires_at] => 2026-10-04 10:07:05
    [session_token_updated_at] => 2026-07-06 10:07:06
    [installed_at] => 2026-07-06 10:07:05
    [install_date] => 2026-07-06 10:07:05
    [updated_at] => 2026-07-06 10:07:06
    [status] => active
)

[2026-07-06 10:09:54] Shop record verified - Array
(
    [id] => 1
    [shop] => xtremestore-9600.myshopify.com
    [session_access_token] => shpua_82048cd2cb4f8d494b90c6aa8dd2d8d2
    [session_access_token_expires_at] => 2026-07-06 11:07:05
    [session_refresh_token] => shprt_8fe9844beeee88dbd4bd21938e078230
    [session_refresh_token_expires_at] => 2026-10-04 10:07:05
    [session_token_updated_at] => 2026-07-06 10:07:06
    [installed_at] => 2026-07-06 10:07:05
    [install_date] => 2026-07-06 10:07:05
    [updated_at] => 2026-07-06 10:07:06
    [status] => active
)

[2026-07-06 10:09:54] Bootstrap token request received
[2026-07-06 10:09:54] Bootstrap token from header - eyJhbGciOiJIUzI1NiIs...
[2026-07-06 10:09:54] Bootstrap token cleaned - eyJhbGciOiJIUzI1NiIs...
[2026-07-06 10:09:54] Bootstrap token validation - Array
(
    [success] => 1
    [shop] => xtremestore-9600.myshopify.com
    [payload] => Array
        (
            [iss] => https://xtremestore-9600.myshopify.com/admin
            [dest] => https://xtremestore-9600.myshopify.com
            [aud] => 17ecb57d6751df9f4d203e420c1c1581
            [sub] => 87991910505
            [exp] => 1783332651
            [nbf] => 1783332591
            [iat] => 1783332591
            [jti] => 94ed23b8-5a99-4e4b-97f6-8c08aa103cac
            [sid] => 6f7a7cf9-43bc-4f0b-b826-87b52a20cbc6
            [sig] => ee9d7b74635e84fbe5a2b9baba81af6d05abf224c1872ce52dc71d501e1ea80b
        )

)

[2026-07-06 10:09:54] Shop from bootstrap validation - xtremestore-9600.myshopify.com
[2026-07-06 10:09:54] Calling get_valid_shop_access_token_php53
[2026-07-06 10:09:54] Token state result - Array
(
    [success] => 1
    [access_token] => shpua_82048cd2cb4f8d494b90c6aa8dd2d8d2
    [source] => stored
)

[2026-07-06 10:09:54] Bootstrap success - Array
(
    [success] => 1
    [source] => stored
)

